<?xml version="1.0" encoding="UTF-8"?>
<!-- Generated by org.testng.reporters.JUnitXMLReporter -->
<testsuite hostname="INPF00HE0Z" ignored="0" name="Hub Spot regression Test" tests="8" failures="0" timestamp="21 Dec 2019 11:42:21 GMT" time="265.032" errors="0">
  <testcase name="loginPageTitleTest" time="10.321" classname="com.qa.hubspot.tests.LoginPageTest"/>
  <testcase name="homePageTitleTest" time="6.576" classname="com.qa.hubspot.tests.HomePageTest"/>
  <testcase name="profileAndPreferencesTitleTest" time="25.352" classname="com.qa.hubspot.tests.ProfileAndPreferenceTest">
    <skipped/>
  </testcase> <!-- profileAndPreferencesTitleTest -->
  <testcase name="profileAndPreferencesTitleTest" time="0.12" classname="com.qa.hubspot.tests.ProfileAndPreferenceTest"/>
  <testcase name="contactsPageTitleTest" time="2.15" classname="com.qa.hubspot.tests.ContactsPageTest"/>
  <testcase name="titleTest" time="0.01" classname="com.qa.hubspot.tests.DealsPageTest"/>
  <testcase name="signUpLinkTest" time="11.063" classname="com.qa.hubspot.tests.LoginPageTest"/>
  <testcase name="homePageHeaderTextTest" time="10.394" classname="com.qa.hubspot.tests.HomePageTest"/>
</testsuite> <!-- Hub Spot regression Test -->
