<?xml version="1.0" encoding="UTF-8"?>
<!-- Generated by org.testng.reporters.JUnitXMLReporter -->
<testsuite hostname="INPF00HE0Z" ignored="0" name="Hub Spot sanity Test" tests="11" failures="0" timestamp="21 Dec 2019 12:33:30 GMT" time="435.804" errors="0">
  <testcase name="loginPageTitleTest" time="14.152" classname="com.qa.hubspot.tests.LoginPageTest"/>
  <testcase name="homePageTitleTest" time="6.444" classname="com.qa.hubspot.tests.HomePageTest"/>
  <testcase name="profileAndPreferencesTitleTest" time="25.308" classname="com.qa.hubspot.tests.ProfileAndPreferenceTest">
    <skipped/>
  </testcase> <!-- profileAndPreferencesTitleTest -->
  <testcase name="profileAndPreferencesTitleTest" time="25.028" classname="com.qa.hubspot.tests.ProfileAndPreferenceTest">
    <skipped/>
  </testcase> <!-- profileAndPreferencesTitleTest -->
  <testcase name="profileAndPreferencesTitleTest" time="25.452" classname="com.qa.hubspot.tests.ProfileAndPreferenceTest">
    <skipped/>
  </testcase> <!-- profileAndPreferencesTitleTest -->
  <testcase name="profileAndPreferencesTitleTest" time="0.252" classname="com.qa.hubspot.tests.ProfileAndPreferenceTest"/>
  <testcase name="contactsPageTitleTest" time="25.195" classname="com.qa.hubspot.tests.ContactsPageTest">
    <skipped/>
  </testcase> <!-- contactsPageTitleTest -->
  <testcase name="contactsPageTitleTest" time="0.014" classname="com.qa.hubspot.tests.ContactsPageTest"/>
  <testcase name="titleTest" time="0.13" classname="com.qa.hubspot.tests.DealsPageTest"/>
  <testcase name="signUpLinkTest" time="15.129" classname="com.qa.hubspot.tests.LoginPageTest"/>
  <testcase name="homePageHeaderTextTest" time="15.102" classname="com.qa.hubspot.tests.HomePageTest"/>
</testsuite> <!-- Hub Spot sanity Test -->
