<?xml version="1.0" encoding="UTF-8"?>
<!-- Generated by org.testng.reporters.JUnitXMLReporter -->
<testsuite hostname="INPF00HE0Z" ignored="0" name="Hub Spot regression Test" tests="3" failures="0" timestamp="14 Dec 2019 17:17:39 GMT" time="123.043" errors="0">
  <testcase name="loginPageTitleTest" time="35.279" classname="com.qa.hubspot.tests.LoginPageTest"/>
  <testcase name="signUpLinkTest" time="28.531" classname="com.qa.hubspot.tests.LoginPageTest"/>
  <testcase name="loginTest" time="36.649" classname="com.qa.hubspot.tests.LoginPageTest"/>
</testsuite> <!-- Hub Spot regression Test -->
