<?xml version="1.0" encoding="UTF-8"?>
<!-- Generated by org.testng.reporters.JUnitXMLReporter -->
<testsuite hostname="INPF00HE0Z" ignored="0" name="Default test" tests="6" failures="0" timestamp="20 Dec 2019 15:12:24 GMT" time="216.526" errors="0">
  <testcase name="profileAndPreferencesTitleTest" time="0.239" classname="com.qa.hubspot.tests.ProfileAndPreferenceTest"/>
  <testcase name="nameTextTest" time="0.894" classname="com.qa.hubspot.tests.ProfileAndPreferenceTest"/>
  <testcase name="superAdminTextTest" time="0.753" classname="com.qa.hubspot.tests.ProfileAndPreferenceTest"/>
  <testcase name="languageTextTest" time="0.807" classname="com.qa.hubspot.tests.ProfileAndPreferenceTest"/>
  <testcase name="DateAndNumberFormatTextTest" time="0.255" classname="com.qa.hubspot.tests.ProfileAndPreferenceTest"/>
  <testcase name="phoneNumberTextTest" time="1.044" classname="com.qa.hubspot.tests.ProfileAndPreferenceTest"/>
</testsuite> <!-- Default test -->
