<?xml version="1.0" encoding="UTF-8"?>
<!-- Generated by org.testng.reporters.JUnitXMLReporter -->
<testsuite hostname="INPF00HE0Z" ignored="0" name="Default test" tests="7" failures="0" timestamp="21 Dec 2019 11:32:01 GMT" time="229.435" errors="0">
  <testcase name="titleTest" time="0.025" classname="com.qa.hubspot.tests.DealsPageTest"/>
  <testcase name="dealsPageHeaderTest" time="2.375" classname="com.qa.hubspot.tests.DealsPageTest"/>
  <testcase name="createDealTest" time="4.08" classname="com.qa.hubspot.tests.DealsPageTest"/>
  <testcase name="createDealTest" time="4.336" classname="com.qa.hubspot.tests.DealsPageTest"/>
  <testcase name="createDealTest" time="3.808" classname="com.qa.hubspot.tests.DealsPageTest"/>
  <testcase name="createDealTest" time="3.423" classname="com.qa.hubspot.tests.DealsPageTest"/>
  <testcase name="createDealTest" time="2.689" classname="com.qa.hubspot.tests.DealsPageTest"/>
</testsuite> <!-- Default test -->
