<?xml version="1.0" encoding="UTF-8"?>
<testng-results skipped="0" failed="0" ignored="0" total="3" passed="3">
  <reporter-output>
  </reporter-output>
  <suite name="Hub Spot Test Suite" duration-ms="59287" started-at="2019-12-14T08:09:57Z" finished-at="2019-12-14T08:10:56Z">
    <groups>
    </groups>
    <test name="Hub Spot regression Test" duration-ms="59287" started-at="2019-12-14T08:09:57Z" finished-at="2019-12-14T08:10:56Z">
      <class name="com.qa.hubspot.tests.LoginPageTest">
        <test-method status="PASS" signature="setUp()[pri:0, instance:com.qa.hubspot.tests.LoginPageTest@78186a70]" name="setUp" is-config="true" duration-ms="9433" started-at="2019-12-14T08:09:57Z" finished-at="2019-12-14T08:10:06Z">
          <reporter-output>
          </reporter-output>
        </test-method> <!-- setUp -->
        <test-method status="PASS" signature="loginPageTitleTest()[pri:1, instance:com.qa.hubspot.tests.LoginPageTest@78186a70]" name="loginPageTitleTest" duration-ms="8320" started-at="2019-12-14T08:10:06Z" finished-at="2019-12-14T08:10:15Z">
          <reporter-output>
          </reporter-output>
        </test-method> <!-- loginPageTitleTest -->
        <test-method status="PASS" signature="tearDown()[pri:0, instance:com.qa.hubspot.tests.LoginPageTest@78186a70]" name="tearDown" is-config="true" duration-ms="1301" started-at="2019-12-14T08:10:15Z" finished-at="2019-12-14T08:10:16Z">
          <reporter-output>
          </reporter-output>
        </test-method> <!-- tearDown -->
        <test-method status="PASS" signature="setUp()[pri:0, instance:com.qa.hubspot.tests.LoginPageTest@78186a70]" name="setUp" is-config="true" duration-ms="4299" started-at="2019-12-14T08:10:16Z" finished-at="2019-12-14T08:10:20Z">
          <reporter-output>
          </reporter-output>
        </test-method> <!-- setUp -->
        <test-method status="PASS" signature="signUpLinkTest()[pri:2, instance:com.qa.hubspot.tests.LoginPageTest@78186a70]" name="signUpLinkTest" duration-ms="15851" started-at="2019-12-14T08:10:20Z" finished-at="2019-12-14T08:10:36Z">
          <reporter-output>
          </reporter-output>
        </test-method> <!-- signUpLinkTest -->
        <test-method status="PASS" signature="tearDown()[pri:0, instance:com.qa.hubspot.tests.LoginPageTest@78186a70]" name="tearDown" is-config="true" duration-ms="1214" started-at="2019-12-14T08:10:36Z" finished-at="2019-12-14T08:10:37Z">
          <reporter-output>
          </reporter-output>
        </test-method> <!-- tearDown -->
        <test-method status="PASS" signature="setUp()[pri:0, instance:com.qa.hubspot.tests.LoginPageTest@78186a70]" name="setUp" is-config="true" duration-ms="4037" started-at="2019-12-14T08:10:37Z" finished-at="2019-12-14T08:10:41Z">
          <reporter-output>
          </reporter-output>
        </test-method> <!-- setUp -->
        <test-method status="PASS" signature="loginTest()[pri:3, instance:com.qa.hubspot.tests.LoginPageTest@78186a70]" name="loginTest" duration-ms="13537" started-at="2019-12-14T08:10:41Z" finished-at="2019-12-14T08:10:55Z">
          <reporter-output>
          </reporter-output>
        </test-method> <!-- loginTest -->
        <test-method status="PASS" signature="tearDown()[pri:0, instance:com.qa.hubspot.tests.LoginPageTest@78186a70]" name="tearDown" is-config="true" duration-ms="1233" started-at="2019-12-14T08:10:55Z" finished-at="2019-12-14T08:10:56Z">
          <reporter-output>
          </reporter-output>
        </test-method> <!-- tearDown -->
      </class> <!-- com.qa.hubspot.tests.LoginPageTest -->
    </test> <!-- Hub Spot regression Test -->
  </suite> <!-- Hub Spot Test Suite -->
</testng-results>
