<?xml version="1.0" encoding="UTF-8"?>
<!-- Generated by org.testng.reporters.JUnitXMLReporter -->
<testsuite hostname="INPF00HE0Z" ignored="0" name="Hub Spot regression Test" tests="3" failures="0" timestamp="14 Dec 2019 08:10:56 GMT" time="59.287" errors="0">
  <testcase name="loginPageTitleTest" time="8.32" classname="com.qa.hubspot.tests.LoginPageTest"/>
  <testcase name="signUpLinkTest" time="15.851" classname="com.qa.hubspot.tests.LoginPageTest"/>
  <testcase name="loginTest" time="13.537" classname="com.qa.hubspot.tests.LoginPageTest"/>
</testsuite> <!-- Hub Spot regression Test -->
