<?xml version="1.0" encoding="UTF-8"?>
<!-- Generated by org.testng.reporters.JUnitXMLReporter -->
<testsuite hostname="INPF00HE0Z" ignored="0" name="Hub Spot regression Test" tests="7" failures="0" timestamp="21 Dec 2019 11:46:20 GMT" time="182.104" errors="0">
  <testcase name="loginPageTitleTest" time="8.964" classname="com.qa.hubspot.tests.LoginPageTest"/>
  <testcase name="homePageTitleTest" time="4.791" classname="com.qa.hubspot.tests.HomePageTest"/>
  <testcase name="profileAndPreferencesTitleTest" time="0.011" classname="com.qa.hubspot.tests.ProfileAndPreferenceTest"/>
  <testcase name="contactsPageTitleTest" time="3.454" classname="com.qa.hubspot.tests.ContactsPageTest"/>
  <testcase name="titleTest" time="2.664" classname="com.qa.hubspot.tests.DealsPageTest"/>
  <testcase name="signUpLinkTest" time="11.264" classname="com.qa.hubspot.tests.LoginPageTest"/>
  <testcase name="homePageHeaderTextTest" time="11.25" classname="com.qa.hubspot.tests.HomePageTest"/>
</testsuite> <!-- Hub Spot regression Test -->
